agencia-reports/muve/twa/app/build/intermediates/manifest_merge_blame_file/release/manifest-merger-blame-release-report.txt
1<?xml version="1.0" encoding="utf-8"?>
2<manifest xmlns:android="http://schemas.android.com/apk/res/android"
3    package="mx.muvet.app"
4    android:versionCode="3"
5    android:versionName="1.0.1" >
6
7    <uses-sdk
8        android:minSdkVersion="21"
9        android:targetSdkVersion="35" />
10
11    <uses-permission android:name="android.permission.INTERNET" />
11-->src/main/AndroidManifest.xml:5:5-67
11-->src/main/AndroidManifest.xml:5:22-64
12
13    <queries>
13-->[com.google.androidbrowserhelper:androidbrowserhelper:2.5.0] AndroidManifest.xml:26:5-34:15
14        <intent>
14-->[com.google.androidbrowserhelper:androidbrowserhelper:2.5.0] AndroidManifest.xml:27:9-33:18
15            <action android:name="android.intent.action.VIEW" />
15-->src/main/AndroidManifest.xml:21:17-69
15-->src/main/AndroidManifest.xml:21:25-66
16
17            <category android:name="android.intent.category.BROWSABLE" />
17-->src/main/AndroidManifest.xml:23:17-78
17-->src/main/AndroidManifest.xml:23:27-75
18
19            <data android:scheme="https" />
19-->src/main/AndroidManifest.xml:26:21-43
20        </intent>
21    </queries>
22
23    <permission
23-->[androidx.core:core:1.9.0] AndroidManifest.xml:22:5-24:47
24        android:name="mx.muvet.app.DYNAMIC_RECEIVER_NOT_EXPORTED_PERMISSION"
24-->[androidx.core:core:1.9.0] AndroidManifest.xml:23:9-81
25        android:protectionLevel="signature" />
25-->[androidx.core:core:1.9.0] AndroidManifest.xml:24:9-44
26
27    <uses-permission android:name="mx.muvet.app.DYNAMIC_RECEIVER_NOT_EXPORTED_PERMISSION" />
27-->[androidx.core:core:1.9.0] AndroidManifest.xml:26:5-97
27-->[androidx.core:core:1.9.0] AndroidManifest.xml:26:22-94
28
29    <application
29-->src/main/AndroidManifest.xml:7:5-37:19
30        android:allowBackup="true"
30-->src/main/AndroidManifest.xml:8:9-35
31        android:appComponentFactory="androidx.core.app.CoreComponentFactory"
31-->[androidx.core:core:1.9.0] AndroidManifest.xml:28:18-86
32        android:extractNativeLibs="true"
33        android:label="@string/app_name"
33-->src/main/AndroidManifest.xml:9:9-41
34        android:supportsRtl="true" >
34-->src/main/AndroidManifest.xml:10:9-35
35        <activity
35-->src/main/AndroidManifest.xml:11:9-36:20
36            android:name="com.google.androidbrowserhelper.trusted.LauncherActivity"
36-->src/main/AndroidManifest.xml:12:13-84
37            android:exported="true" >
37-->src/main/AndroidManifest.xml:13:13-36
38            <intent-filter>
38-->src/main/AndroidManifest.xml:15:13-18:29
39                <action android:name="android.intent.action.MAIN" />
39-->src/main/AndroidManifest.xml:16:17-69
39-->src/main/AndroidManifest.xml:16:25-66
40
41                <category android:name="android.intent.category.LAUNCHER" />
41-->src/main/AndroidManifest.xml:17:17-77
41-->src/main/AndroidManifest.xml:17:27-74
42            </intent-filter>
43            <intent-filter android:autoVerify="true" >
43-->src/main/AndroidManifest.xml:20:13-27:29
43-->src/main/AndroidManifest.xml:20:28-53
44                <action android:name="android.intent.action.VIEW" />
44-->src/main/AndroidManifest.xml:21:17-69
44-->src/main/AndroidManifest.xml:21:25-66
45
46                <category android:name="android.intent.category.DEFAULT" />
46-->src/main/AndroidManifest.xml:22:17-76
46-->src/main/AndroidManifest.xml:22:27-73
47                <category android:name="android.intent.category.BROWSABLE" />
47-->src/main/AndroidManifest.xml:23:17-78
47-->src/main/AndroidManifest.xml:23:27-75
48
49                <data
50                    android:host="muvet.mx"
50-->src/main/AndroidManifest.xml:25:21-50
51                    android:scheme="https" />
51-->src/main/AndroidManifest.xml:26:21-43
52            </intent-filter>
53
54            <meta-data
55                android:name="android.support.customtabs.trusted.DEFAULT_URL"
55-->src/main/AndroidManifest.xml:30:17-78
56                android:value="https://muvet.mx" />
56-->src/main/AndroidManifest.xml:31:17-49
57            <meta-data
57-->src/main/AndroidManifest.xml:33:13-35:46
58                android:name="android.support.customtabs.trusted.FALLBACK_STRATEGY"
58-->src/main/AndroidManifest.xml:34:17-84
59                android:value="customtabs" />
59-->src/main/AndroidManifest.xml:35:17-43
60        </activity>
61
62        <provider
62-->[androidx.emoji2:emoji2:1.2.0] AndroidManifest.xml:24:9-32:20
63            android:name="androidx.startup.InitializationProvider"
63-->[androidx.emoji2:emoji2:1.2.0] AndroidManifest.xml:25:13-67
64            android:authorities="mx.muvet.app.androidx-startup"
64-->[androidx.emoji2:emoji2:1.2.0] AndroidManifest.xml:26:13-68
65            android:exported="false" >
65-->[androidx.emoji2:emoji2:1.2.0] AndroidManifest.xml:27:13-37
66            <meta-data
66-->[androidx.emoji2:emoji2:1.2.0] AndroidManifest.xml:29:13-31:52
67                android:name="androidx.emoji2.text.EmojiCompatInitializer"
67-->[androidx.emoji2:emoji2:1.2.0] AndroidManifest.xml:30:17-75
68                android:value="androidx.startup" />
68-->[androidx.emoji2:emoji2:1.2.0] AndroidManifest.xml:31:17-49
69            <meta-data
69-->[androidx.lifecycle:lifecycle-process:2.4.1] AndroidManifest.xml:31:13-33:52
70                android:name="androidx.lifecycle.ProcessLifecycleInitializer"
70-->[androidx.lifecycle:lifecycle-process:2.4.1] AndroidManifest.xml:32:17-78
71                android:value="androidx.startup" />
71-->[androidx.lifecycle:lifecycle-process:2.4.1] AndroidManifest.xml:33:17-49
72        </provider>
73    </application>
74
75</manifest>